<?xml version="1.0" encoding="UTF-8"?>
<!-- Generated by org.testng.reporters.JUnitXMLReporter -->
<testsuite ignored="5" hostname="jagaxdeesh" failures="0" tests="2" name="Testxml" time="5.496" errors="0" timestamp="2025-04-06T17:52:36 IST">
  <testcase classname="praticesall.NewTest_run_xml" name="google" time="1.46"/>
  <testcase classname="praticesall.NewTest_run_xml" name="seleniumDev" time="1.334"/>
  <testcase classname="praticesall.NewTest_run_xml" name="twitter" time="0.0">
    <ignored/>
  </testcase> <!-- twitter -->
  <testcase classname="praticesall.NewTest_run_xml" name="facebook" time="0.0">
    <ignored/>
  </testcase> <!-- facebook -->
  <testcase classname="praticesall.NewTest_run_xml" name="zomato" time="0.0">
    <ignored/>
  </testcase> <!-- zomato -->
  <testcase classname="praticesall.NewTest_run_xml" name="swiggy" time="0.0">
    <ignored/>
  </testcase> <!-- swiggy -->
  <testcase classname="praticesall.NewTest_run_xml" name="gmail" time="0.0">
    <ignored/>
  </testcase> <!-- gmail -->
</testsuite> <!-- Testxml -->
