<?xml version="1.0" encoding="UTF-8"?>
<testng-results ignored="0" total="1" passed="1" failed="0" skipped="0">
  <reporter-output>
  </reporter-output>
  <suite started-at="2025-04-16T18:43:05 IST" name="Default suite" finished-at="2025-04-16T18:43:18 IST" duration-ms="12979">
    <groups>
    </groups>
    <test started-at="2025-04-16T18:43:05 IST" name="Default test" finished-at="2025-04-16T18:43:18 IST" duration-ms="12979">
      <class name="launchbrowsers.GitDemo">
        <test-method is-config="true" signature="beforeTest()[pri:0, instance:launchbrowsers.GitDemo@557caf28]" started-at="2025-04-16T18:43:05 IST" name="beforeTest" finished-at="2025-04-16T18:43:11 IST" duration-ms="6480" status="PASS">
          <reporter-output>
          </reporter-output>
        </test-method> <!-- beforeTest -->
        <test-method signature="techlearn()[pri:0, instance:launchbrowsers.GitDemo@557caf28]" started-at="2025-04-16T18:43:11 IST" name="techlearn" finished-at="2025-04-16T18:43:18 IST" duration-ms="6383" status="PASS">
          <reporter-output>
          </reporter-output>
        </test-method> <!-- techlearn -->
      </class> <!-- launchbrowsers.GitDemo -->
    </test> <!-- Default test -->
  </suite> <!-- Default suite -->
</testng-results>
