<?xml version="1.0" encoding="UTF-8"?>
<testng-results ignored="0" total="1" passed="1" failed="0" skipped="0">
  <reporter-output>
  </reporter-output>
  <suite started-at="2025-04-15T08:48:47 IST" name="Default suite" finished-at="2025-04-15T08:49:30 IST" duration-ms="43515">
    <groups>
    </groups>
    <test started-at="2025-04-15T08:48:47 IST" name="Default test" finished-at="2025-04-15T08:49:30 IST" duration-ms="43515">
      <class name="newTabnewWindow.NewTab">
        <test-method is-config="true" signature="beforeTest()[pri:0, instance:newTabnewWindow.NewTab@1d296da]" started-at="2025-04-15T08:48:47 IST" name="beforeTest" finished-at="2025-04-15T08:48:49 IST" duration-ms="2482" status="PASS">
          <reporter-output>
          </reporter-output>
        </test-method> <!-- beforeTest -->
        <test-method signature="frames()[pri:0, instance:newTabnewWindow.NewTab@1d296da]" started-at="2025-04-15T08:48:49 IST" name="frames" finished-at="2025-04-15T08:49:30 IST" duration-ms="40941" status="PASS">
          <reporter-output>
          </reporter-output>
        </test-method> <!-- frames -->
      </class> <!-- newTabnewWindow.NewTab -->
    </test> <!-- Default test -->
  </suite> <!-- Default suite -->
</testng-results>
